[17:18:43] [Server thread/INFO]: Starting minecraft server version 1.12.2
[17:18:43] [Server thread/INFO]: Loading properties
[17:18:43] [Server console handler/ERROR]: Exception handling console input
java.io.IOException: Handle non valido
	at java.io.FileInputStream.readBytes(Native Method) ~[?:?]
	at java.io.FileInputStream.read(FileInputStream.java:271) ~[?:?]
	at java.io.BufferedInputStream.read1(BufferedInputStream.java:282) ~[?:?]
	at java.io.BufferedInputStream.read(BufferedInputStream.java:343) ~[?:?]
	at sun.nio.cs.StreamDecoder.readBytes(StreamDecoder.java:297) ~[?:?]
	at sun.nio.cs.StreamDecoder.implRead(StreamDecoder.java:339) ~[?:?]
	at sun.nio.cs.StreamDecoder.read(StreamDecoder.java:188) ~[?:?]
	at java.io.InputStreamReader.read(InputStreamReader.java:181) ~[?:?]
	at java.io.BufferedReader.fill(BufferedReader.java:161) ~[?:?]
	at java.io.BufferedReader.readLine(BufferedReader.java:326) ~[?:?]
	at java.io.BufferedReader.readLine(BufferedReader.java:392) ~[?:?]
	at nz$2.run(SourceFile:100) [minecraft_server.1.12.2.jar:?]
[17:18:43] [Server thread/INFO]: Default game type: SURVIVAL
[17:18:43] [Server thread/INFO]: Generating keypair
[17:18:43] [Server thread/INFO]: Starting Minecraft server on *:25565
[17:18:43] [Server thread/INFO]: Using default channel type
[17:18:43] [Server thread/INFO]: Preparing level "world"
[17:18:44] [Server thread/INFO]: Loaded 488 advancements
[17:18:44] [Server thread/INFO]: Preparing start region for level 0
[17:18:45] [Server thread/INFO]: Preparing spawn area: 13%
[17:18:46] [Server thread/INFO]: Preparing spawn area: 25%
[17:18:47] [Server thread/INFO]: Preparing spawn area: 38%
[17:18:48] [Server thread/INFO]: Preparing spawn area: 52%
[17:18:49] [Server thread/INFO]: Preparing spawn area: 65%
[17:18:50] [Server thread/INFO]: Preparing spawn area: 77%
[17:18:51] [Server thread/INFO]: Preparing spawn area: 88%
[17:18:52] [Server thread/INFO]: Done (8,473s)! For help, type "help" or "?"
[17:19:21] [Server thread/INFO]: Stopping server
[17:19:21] [Server thread/INFO]: Saving players
[17:19:21] [Server thread/INFO]: Saving worlds
[17:19:21] [Server thread/INFO]: Saving chunks for level 'world'/overworld
[17:19:21] [Server Shutdown Thread/INFO]: Stopping server
[17:19:21] [Server Shutdown Thread/INFO]: Saving players
[17:19:21] [Server Shutdown Thread/INFO]: Saving worlds
