[00:03:17] [main/INFO]: Environment: authHost='https://authserver.mojang.com', accountsHost='https://api.mojang.com', sessionHost='https://sessionserver.mojang.com', servicesHost='https://api.minecraftservices.com', name='PROD'
[00:03:18] [main/WARN]: Ambiguity between arguments [teleport, destination] and [teleport, targets] with inputs: [Player, 0123, @e, dd12be42-52a9-4a91-a8a1-11c01849e498]
[00:03:18] [main/WARN]: Ambiguity between arguments [teleport, location] and [teleport, destination] with inputs: [0.1 -0.5 .9, 0 0 0]
[00:03:18] [main/WARN]: Ambiguity between arguments [teleport, location] and [teleport, targets] with inputs: [0.1 -0.5 .9, 0 0 0]
[00:03:18] [main/WARN]: Ambiguity between arguments [teleport, targets] and [teleport, destination] with inputs: [Player, 0123, dd12be42-52a9-4a91-a8a1-11c01849e498]
[00:03:18] [main/WARN]: Ambiguity between arguments [teleport, targets, location] and [teleport, targets, destination] with inputs: [0.1 -0.5 .9, 0 0 0]
[00:03:18] [main/INFO]: Reloading ResourceManager: Default
[00:03:19] [Worker-Main-5/INFO]: Loaded 7 recipes
[00:03:19] [Worker-Main-5/INFO]: Loaded 927 advancements
[00:03:21] [Server thread/INFO]: Starting minecraft server version 1.16.5
[00:03:21] [Server thread/INFO]: Loading properties
[00:03:21] [Server thread/INFO]: Default game type: SURVIVAL
[00:03:21] [Server thread/INFO]: Generating keypair
[00:03:21] [Server thread/INFO]: Starting Minecraft server on 192.168.1.50:25565
[00:03:21] [Server thread/INFO]: Using default channel type
[00:03:21] [Server thread/WARN]: **** SERVER IS RUNNING IN OFFLINE/INSECURE MODE!
[00:03:21] [Server thread/WARN]: The server will make no attempt to authenticate usernames. Beware.
[00:03:22] [Server thread/WARN]: While this makes the game possible to play without internet access, it also opens up the ability for hackers to connect with any username they choose.
[00:03:22] [Server thread/WARN]: To change this, set "online-mode" to "true" in the server.properties file.
[00:03:22] [Server thread/INFO]: Preparing level "world"
[00:03:22] [Server thread/INFO]: Preparing start region for dimension minecraft:overworld
[00:03:23] [Server thread/INFO]: Preparing spawn area: 0%
[00:03:23] [Server thread/INFO]: Preparing spawn area: 0%
[00:03:23] [Server thread/INFO]: Preparing spawn area: 0%
[00:03:23] [Server thread/INFO]: Preparing spawn area: 0%
[00:03:24] [Server thread/INFO]: Preparing spawn area: 0%
[00:03:25] [Server thread/INFO]: Time elapsed: 3017 ms
[00:03:25] [Server thread/INFO]: Done (3.128s)! For help, type "help"
[00:03:35] [Server thread/INFO]: Diego[/192.168.1.50:60791] logged in with entity id 349 at (-394.2212859757531, 62.0732633566071, -80.94000797789586)
[00:03:35] [Server thread/INFO]: Diego joined the game
[00:03:36] [Server thread/INFO]: nicfra3[/37.116.156.241:65070] logged in with entity id 370 at (179.8089136603017, 64.0, -212.5073997890913)
[00:03:36] [Server thread/INFO]: nicfra3 joined the game
[00:03:38] [Server thread/WARN]: Can't keep up! Is the server overloaded? Running 2017ms or 40 ticks behind
[00:03:57] [Server thread/INFO]: BoomeRang02[/10.221.189.249:52677] logged in with entity id 801 at (-391.66499529417837, 63.0, -72.98138197191307)
[00:03:57] [Server thread/INFO]: BoomeRang02 joined the game
[00:05:54] [Server thread/INFO]: nicfra3 lost connection: Disconnected
[00:05:54] [Server thread/INFO]: nicfra3 left the game
[00:20:28] [Server thread/INFO]: Diego was slain by Vindicator
[00:29:05] [Server thread/INFO]: Diego lost connection: Disconnected
[00:29:05] [Server thread/INFO]: Diego left the game
[00:29:06] [Server thread/INFO]: Diego[/192.168.1.50:60836] logged in with entity id 9009 at (-652.0361834115687, 72.0625, 412.56339573217014)
[00:29:06] [Server thread/INFO]: Diego joined the game
[00:35:56] [Server thread/INFO]: Diego has made the advancement [What a Deal!]
[00:40:53] [Server thread/INFO]: Villager bfj['Villager'/9730, l='ServerLevel[world]', x=-848.56, y=64.00, z=668.69] died, message: 'Villager was slain by BoomeRang02'
[00:41:03] [Server thread/INFO]: Villager bfj['Farmer'/9708, l='ServerLevel[world]', x=-851.39, y=64.00, z=662.44] died, message: 'Farmer was slain by Diego'
[00:41:08] [Server thread/INFO]: Villager bfj['Farmer'/9732, l='ServerLevel[world]', x=-852.11, y=64.00, z=672.70] died, message: 'Farmer was slain by Diego'
[00:41:16] [Server thread/INFO]: Villager bfj['Farmer'/9671, l='ServerLevel[world]', x=-837.56, y=65.17, z=674.72] died, message: 'Farmer was slain by Diego'
[00:41:28] [Server thread/INFO]: Villager bfj['Farmer'/9675, l='ServerLevel[world]', x=-856.50, y=63.00, z=682.30] died, message: 'Farmer was slain by Diego'
[00:41:44] [Server thread/INFO]: Villager bfj['Villager'/9731, l='ServerLevel[world]', x=-835.15, y=70.00, z=694.19] died, message: 'Villager was shot by Diego'
[00:47:35] [Server thread/INFO]: Diego has made the advancement [Who is Cutting Onions?]
[00:48:16] [Server thread/INFO]: Diego has made the advancement [We Need to Go Deeper]
[00:52:59] [Server thread/INFO]: Villager bfj['Villager'/14878, l='ServerLevel[world]', x=-697.94, y=72.00, z=1162.35] died, message: 'Villager was slain by BoomeRang02'
[00:53:34] [Server thread/INFO]: Villager bfj['Villager'/15218, l='ServerLevel[world]', x=-727.56, y=74.00, z=1192.30] died, message: 'Villager was slain by Diego'
[00:53:38] [Server thread/INFO]: Villager bfj['Villager'/15253, l='ServerLevel[world]', x=-726.75, y=74.00, z=1192.15] died, message: 'Villager was slain by Diego'
[00:53:41] [Server thread/INFO]: Villager bfj['Villager'/15254, l='ServerLevel[world]', x=-727.70, y=74.56, z=1194.69] died, message: 'Villager was slain by Diego'
[01:02:46] [Server thread/INFO]: BoomeRang02 lost connection: Disconnected
[01:02:46] [Server thread/INFO]: BoomeRang02 left the game
[01:02:47] [Server thread/INFO]: Diego lost connection: Disconnected
[01:02:47] [Server thread/INFO]: Diego left the game
[01:03:05] [Server thread/INFO]: Saving the game (this may take a moment!)
[01:03:05] [Server thread/INFO]: ThreadedAnvilChunkStorage (world): All chunks are saved
[01:03:05] [Server thread/INFO]: ThreadedAnvilChunkStorage (DIM-1): All chunks are saved
[01:03:05] [Server thread/INFO]: ThreadedAnvilChunkStorage (DIM1): All chunks are saved
[01:03:05] [Server thread/INFO]: Saved the game
[01:03:24] [Server thread/INFO]: Stopping the server
[01:03:24] [Server thread/INFO]: Stopping server
[01:03:24] [Server thread/INFO]: Saving players
[01:03:24] [Server thread/INFO]: Saving worlds
[01:03:24] [Server thread/INFO]: Saving chunks for level 'ServerLevel[world]'/minecraft:overworld
[01:03:25] [Server thread/INFO]: ThreadedAnvilChunkStorage (world): All chunks are saved
[01:03:25] [Server thread/INFO]: Saving chunks for level 'ServerLevel[world]'/minecraft:the_nether
[01:03:25] [Server thread/INFO]: ThreadedAnvilChunkStorage (DIM-1): All chunks are saved
[01:03:25] [Server thread/INFO]: Saving chunks for level 'ServerLevel[world]'/minecraft:the_end
[01:03:25] [Server thread/INFO]: ThreadedAnvilChunkStorage (DIM1): All chunks are saved
[01:03:25] [Server thread/INFO]: ThreadedAnvilChunkStorage (world): All chunks are saved
[01:03:26] [Server thread/INFO]: ThreadedAnvilChunkStorage (DIM-1): All chunks are saved
[01:03:26] [Server thread/INFO]: ThreadedAnvilChunkStorage (DIM1): All chunks are saved
